-r-xr-xr-x    3779224 bin64/createcert
lrwxrwxrwx         20 lib64/libdbscript17_r.so
-r--r--r--     343057 rdme_17010_core_ebf_6127.html
-r--r--r--      10991 readme_de.txt
-rw-r--r--     122194 charsets/unicode/big5hk.uct
-r-xr-xr-x     448288 deployment/bin32/csconvert
-r--r--r--     741872 res/dblgde17_iso_1.res
-r-xr-xr-x    1196624 lib64/libdbscript17_r.so.1
-r--r--r--       9594 readme_en.txt
-r--r--r--      11481 readme_fr.txt
-r--r--r--      13234 readme_ja.txt
-r--r--r--       9115 readme_zh.txt
-r-xr-xr-x      83013 uninstall.sh
-r--r--r--         24 rdme_17010_core_ebf_6127.txt
-rw-r--r--       2947 charsets/unicode/cp037.uct
-rw-r--r--       3320 charsets/unicode/cp1006.uct
-rw-r--r--       3015 charsets/unicode/cp1026.uct
-rw-r--r--       2950 charsets/unicode/cp1140.uct
-rw-r--r--       2950 charsets/unicode/cp1141.uct
-rw-r--r--       2950 charsets/unicode/cp1142.uct
-rw-r--r--       2950 charsets/unicode/cp1143.uct
-rw-r--r--       2950 charsets/unicode/cp1144.uct
-rw-r--r--       2950 charsets/unicode/cp1145.uct
-rw-r--r--       2950 charsets/unicode/cp1146.uct
-rw-r--r--       2950 charsets/unicode/cp1147.uct
-rw-r--r--       2950 charsets/unicode/cp1148.uct
-rw-r--r--       2950 charsets/unicode/cp1149.uct
-rw-r--r--       3256 charsets/unicode/cp1250.uct
-rw-r--r--       3197 charsets/unicode/cp1251.uct
-rw-r--r--       3198 charsets/unicode/cp1252.uct
-rw-r--r--       3186 charsets/unicode/cp1253.uct
-rw-r--r--       3250 charsets/unicode/cp1254.uct
-rw-r--r--       3210 charsets/unicode/cp1255.uct
-rw-r--r--       3349 charsets/unicode/cp1256.uct
-rw-r--r--       3255 charsets/unicode/cp1257.uct
-rw-r--r--       3346 charsets/unicode/cp1258.uct
-rw-r--r--       2947 charsets/unicode/cp273.uct
-rw-r--r--       2947 charsets/unicode/cp277.uct
-rw-r--r--       2947 charsets/unicode/cp278.uct
-rw-r--r--       2947 charsets/unicode/cp280.uct
-rw-r--r--       2947 charsets/unicode/cp284.uct
-rw-r--r--       2947 charsets/unicode/cp285.uct
-rw-r--r--       2947 charsets/unicode/cp297.uct
-rw-r--r--      60758 charsets/unicode/cp300.uct
-rw-r--r--       2971 charsets/unicode/cp424.uct
-rw-r--r--       3309 charsets/unicode/cp437.uct
-rw-r--r--       2947 charsets/unicode/cp500.uct
-rw-r--r--       3259 charsets/unicode/cp737.uct
-rw-r--r--       3247 charsets/unicode/cp775.uct
-rw-r--r--     115694 charsets/unicode/cp834.uct
-r-xr-xr-x    1870332 deployment/bin32/dbinstall
-r--r--r--     748904 res/dblgde17_utf8.res
-rw-r--r--     101030 charsets/unicode/cp835.uct
-rw-r--r--      66518 charsets/unicode/cp837.uct
-rw-r--r--       3213 charsets/unicode/cp850.uct
-rw-r--r--       3260 charsets/unicode/cp852.uct
-rw-r--r--       3142 charsets/unicode/cp855.uct
-rw-r--r--       3134 charsets/unicode/cp856.uct
-rw-r--r--       3194 charsets/unicode/cp857.uct
-rw-r--r--       3265 charsets/unicode/cp858.uct
-rw-r--r--       3287 charsets/unicode/cp860.uct
-rw-r--r--       3308 charsets/unicode/cp861.uct
-rw-r--r--       3333 charsets/unicode/cp862.uct
-rw-r--r--       3370 charsets/unicode/cp863.uct
-rw-r--r--       3407 charsets/unicode/cp864.uct
-rw-r--r--       3309 charsets/unicode/cp865.uct
-rw-r--r--       3141 charsets/unicode/cp866.uct
-rw-r--r--       3130 charsets/unicode/cp869.uct
-rw-r--r--       2947 charsets/unicode/cp871.uct
-rw-r--r--       3196 charsets/unicode/cp874.uct
-rw-r--r--       2957 charsets/unicode/cp874ibm.uct
-rw-r--r--      61586 charsets/unicode/cp932.uct
-r--r--r--     643255 res/dblgen17.res
-rw-r--r--      63278 charsets/unicode/cp932ms.uct
-rw-r--r--      63278 charsets/unicode/cp932ms2.uct
-rw-r--r--      63278 charsets/unicode/cp932ms3.uct
-rw-r--r--      94134 charsets/unicode/cp936.uct
-r--r--r--     779536 res/dblgfr17_iso_1.res
-rw-r--r--     105996 charsets/unicode/cp949.uct
-rw-r--r--     107370 charsets/unicode/cp950.uct
-rw-r--r--      87924 charsets/unicode/euccns.uct
-r--r--r--     797544 res/dblgfr17_utf8.res
-rw-r--r--      58834 charsets/unicode/eucgb.uct
-rw-r--r--      85426 charsets/unicode/eucksc.uct
-rw-r--r--     105106 charsets/unicode/gb18030.uct
-r-xr-xr-x     256904 deployment/bin32/gsetup
-r--r--r--     691328 res/dblgja17_eucjis.res
-rw-r--r--       2951 charsets/unicode/greek8.uct
-rw-r--r--       3078 charsets/unicode/iso10.uct
-rw-r--r--       3081 charsets/unicode/iso13.uct
-rw-r--r--       3304 charsets/unicode/iso14.uct
-rw-r--r--       2997 charsets/unicode/iso15.uct
-rw-r--r--       3097 charsets/unicode/iso88592.uct
-rw-r--r--       3067 charsets/unicode/iso88593.uct
-rw-r--r--       3096 charsets/unicode/iso88594.uct
-rw-r--r--       2965 charsets/unicode/iso88595.uct
-rw-r--r--       2912 charsets/unicode/iso88596.uct
-rw-r--r--       2963 charsets/unicode/iso88597.uct
-rw-r--r--       2978 charsets/unicode/iso88598.uct
-rw-r--r--       3015 charsets/unicode/iso88599.uct
-rw-r--r--       3268 charsets/unicode/koi8.uct
-rw-r--r--       3247 charsets/unicode/mac.uct
-rw-r--r--       3178 charsets/unicode/mac_cyr.uct
-rw-r--r--       3227 charsets/unicode/mac_ee.uct
-rw-r--r--       3351 charsets/unicode/mac_euro.uct
-rw-r--r--       3052 charsets/unicode/mac_grk.uct
-rw-r--r--       3100 charsets/unicode/macgrk2.uct
-rw-r--r--       2998 charsets/unicode/macthai.uct
-rw-r--r--       3356 charsets/unicode/macturk.uct
-rw-r--r--       3173 charsets/unicode/roman8.uct
-rw-r--r--       3181 charsets/unicode/roman9.uct
-rw-r--r--      60230 charsets/unicode/sjis.uct
-r-xr-xr-x       5168 deployment/bin32/is_utf8
-r-xr-xr-x     459984 deployment/bin64/csconvert
-rw-r--r--       2904 charsets/unicode/tis620.uct
-rw-r--r--       3236 charsets/unicode/turkish8.uct
-rw-r--r--      88348 collate/unicode/big5bin.ust
-rw-r--r--      90404 collate/unicode/cp932bin.ust
-rw-r--r--       2156 collate/unicode/cyrdict.ust
-rw-r--r--      75984 collate/unicode/dynix.ust
-rw-r--r--      87800 collate/unicode/eucjisbn.ust
-r--r--r--     691320 res/dblgja17_sjis.res
-rw-r--r--     133376 collate/unicode/euckscbn.ust
-rw-r--r--      83356 collate/unicode/gb2312bn.ust
-rw-r--r--      75984 collate/unicode/gbpinyin.ust
-rw-r--r--       2156 collate/unicode/rusdict.ust
-rw-r--r--      87800 collate/unicode/sjisbin.ust
-rw-r--r--       3216 collate/unicode/turdict.ust
-r--r--r--    3493888 demo.db
-r-xr-xr-x    1827240 deployment/bin64/dbinstall
-r--r--r--     912792 res/dblgja17_utf8.res
-r--r--r--     471864 res/dblgzh17_cp936.res
-r-xr-xr-x    3045544 bin64/createkey
-r--r--r--     471840 res/dblgzh17_eucgb.res
-r--r--r--     590080 res/dblgzh17_utf8.res
-r--r--r--    1880888 java/dbodata.jar
-r-xr-xr-x     252000 deployment/bin64/gsetup
-r-xr-xr-x       7456 deployment/bin64/is_utf8
-rw-r--r--     119939 deployment/deploy.noarch.tic
-r-xr-xr-x       5177 deployment/deployment_wizard.sh
lrwxrwxrwx         15 deployment/lib32/libdbicu17.so
-r-xr-xr-x    1669344 deployment/lib32/libdbicu17.so.1
lrwxrwxrwx         17 deployment/lib32/libdbicu17_r.so
-r-xr-xr-x    1671264 deployment/lib32/libdbicu17_r.so.1
-r-xr-xr-x     490616 bin64/dbbackup
-r-xr-xr-x      13720 bin64/dbeng17
-r-xr-xr-x     490616 bin64/dberase
lrwxrwxrwx         17 deployment/lib32/libdbtasks17.so
-r-xr-xr-x     162532 deployment/lib32/libdbtasks17.so.1
lrwxrwxrwx         19 deployment/lib32/libdbtasks17_r.so
-r-xr-xr-x     179892 deployment/lib32/libdbtasks17_r.so.1
-r-xr-xr-x      50464 bin64/dbexternc17
-r-xr-xr-x     489896 bin64/dbfhide
lrwxrwxrwx         16 lib64/libdbldap17.so
-r-xr-xr-x    1058608 lib64/libdbldap17.so.1
lrwxrwxrwx         15 deployment/lib64/libdbicu17.so
-r-xr-xr-x    1780248 deployment/lib64/libdbicu17.so.1
-r--r--r--    1557511 java/jetty-all-server-9.4.24.jar
-r-xr-xr-x     489960 bin64/dbinfo
-r-xr-xr-x     634864 bin64/dbinit
lrwxrwxrwx         18 lib64/libdbldap17_r.so
-r-xr-xr-x    1058640 lib64/libdbldap17_r.so.1
lrwxrwxrwx         17 deployment/lib64/libdbicu17_r.so
-r-xr-xr-x    1781400 deployment/lib64/libdbicu17_r.so.1
-r-xr-xr-x     490024 bin64/dblic
lrwxrwxrwx         15 lib64/libdbrsa17.so
-r-xr-xr-x     763448 lib64/libdbrsa17.so.1
lrwxrwxrwx         17 deployment/lib64/libdbtasks17.so
-r-xr-xr-x     170608 deployment/lib64/libdbtasks17.so.1
-r-xr-xr-x     491928 bin64/dblog
lrwxrwxrwx         19 deployment/lib64/libdbtasks17_r.so
-r-xr-xr-x     185408 deployment/lib64/libdbtasks17_r.so.1
lrwxrwxrwx         17 lib64/libdbrsa17_r.so
-r-xr-xr-x     767184 lib64/libdbrsa17_r.so.1
-r--r--r--    4254768 deployment/res/dbicudt17.dat
-r--r--r--     325208 java/jodbc4.jar
-r-xr-xr-x    1345496 bin64/dbmanageetd
-r--r--r--     108292 java/rstool.jar
-r-xr-xr-x       2452 java/sa_java.sh
-r--r--r--     323986 java/sajdbc4.jar
-r--r--r--      93545 java/sajvm.jar
lrwxrwxrwx         19 lib64/libdbrsakp17_r.so
-r-xr-xr-x     682536 lib64/libdbrsakp17_r.so.1
-r--r--r--      81317 java/servlet-api-3.1.0.jar
-r--r--r--       4013 res/DBProfiler.png
-r--r--r--      15206 res/InteractiveSQL.png
-r--r--r--      15364 res/MobiLinkMonitor.png
-r--r--r--       1016 res/SAMonitor16.png
-r--r--r--       5452 res/SQLAnywhere.png
-r--r--r--       5975 res/SQLAnywhereServer.png
-r--r--r--      15103 res/SQLCentral.png
-r--r--r--     342647 res/dbusde_iso_1.res
-r--r--r--     346046 res/dbusde_utf8.res
-r-xr-xr-x     900152 bin64/dbmlsync
-r--r--r--     294790 res/dbusen.res
-r--r--r--     324618 res/dbusja_eucjis.res
lrwxrwxrwx         18 lib64/libmlcrsa17_r.so
-r-xr-xr-x    3049168 lib64/libmlcrsa17_r.so.1
-r--r--r--     324495 res/dbusja_sjis.res
-r--r--r--     434066 res/dbusja_utf8.res
-r-xr-xr-x     965152 bin64/dbns17
-r--r--r--     208295 res/dbuszh_cp936.res
-r--r--r--     208295 res/dbuszh_eucgb.res
-r--r--r--     269363 res/dbuszh_utf8.res
-r--r--r--        819 samples/certificates/readme.txt
-rw-rw-rw-       4421 samples/certificates/rsaclient.id
-rw-rw-rw-       4271 samples/certificates/rsaclient_nopwd.id
-rw-rw-rw-       1298 samples/certificates/rsaroot.crt
-rw-rw-rw-       1858 samples/certificates/rsaroot.key
-rw-rw-rw-       4421 samples/certificates/rsaserver.id
-rw-rw-rw-       4267 samples/certificates/rsaserver_nopwd.id
-r--r--r--       3152 scripts/adata/ClothVisor.jpg
-r--r--r--       8577 scripts/adata/CottonCap.jpg
-r--r--r--       6375 scripts/adata/CottonShorts.jpg
-r--r--r--       8065 scripts/adata/CrewNeck.jpg
-r--r--r--       8592 scripts/adata/HoodedSweatshirt.jpg
-r--r--r--       2516 scripts/adata/PlasticVisor.jpg
-r--r--r--       6678 scripts/adata/TankTop.jpg
-r--r--r--       2790 scripts/adata/V-Neck.jpg
-r--r--r--       7040 scripts/adata/WoolCap.jpg
-r--r--r--       7542 scripts/adata/ZippedSweatshirt.jpg
-r--r--r--       6719 scripts/adata/contact.sql
-r--r--r--      13855 scripts/adata/customer.sql
-r--r--r--        177 scripts/adata/dept.sql
-r--r--r--      15236 scripts/adata/employee.sql
-r--r--r--        265 scripts/adata/fin_code.sql
-r--r--r--       2437 scripts/adata/fin_data.sql
-r--r--r--       4372 scripts/adata/marketinfo.sql
-r--r--r--        786 scripts/adata/product.sql
-r--r--r--      42722 scripts/adata/sales_o.sql
-r--r--r--      59283 scripts/adata/sales_oi.sql
-r--r--r--      10119 scripts/adata/stcontacts.sql
-r--r--r--       4216 scripts/adata/stshapes.sql
-r--r--r--      25542 scripts/mkdemo.sql
-r--r--r--      14676 scripts/optdeflt.sql
-r--r--r--        860 scripts/opttemp.sql
-r--r--r--       1885 scripts/salespub.sql
-r--r--r--     331257 scripts/st_geometry_config.tgz
-r--r--r--      14540 deployment/res/language/all_langs_icon_resources_utf8.txt
-r-xr-xr-x      25682 deployment/res/language/common.sh
-r--r--r--      78393 deployment/res/language/de/messages.txt
-r-xr-xr-x     515064 bin64/dbspawn
-r--r--r--      71394 deployment/res/language/en/messages.txt
-r--r--r--      80005 deployment/res/language/fr/messages.txt
-r--r--r--      87478 deployment/res/language/ja/messages.txt
-r--r--r--      68508 deployment/res/language/zh/messages.txt
-rw-r--r--       1164 deployment/res/scripts/array.sh
-rw-r--r--       2217 deployment/res/scripts/checkupdates.sh
-rwxr-xr-x       1111 deployment/res/scripts/cleanup.sh
-rw-r--r--       1547 deployment/res/scripts/client_flow.sh
-rw-r--r--       6949 deployment/res/scripts/cmdline.sh
-rwxr-xr-x       5252 deployment/res/scripts/component_spt.sh
-rw-r--r--        531 deployment/res/scripts/config.sh
-rw-r--r--      27075 deployment/res/scripts/console_ui.sh
-rw-r--r--        414 deployment/res/scripts/csconvert.sh
-rw-r--r--       1085 deployment/res/scripts/csh_support.sh
-rw-r--r--       8843 deployment/res/scripts/dbcloud.sh
-rw-r--r--       3538 deployment/res/scripts/dbcloud_flow.sh
-rw-r--r--       1287 deployment/res/scripts/deploy_flow.sh
-rw-r--r--        729 deployment/res/scripts/deploy_wizard.sh
-rw-r--r--       8288 deployment/res/scripts/directory.sh
-rw-r--r--       2084 deployment/res/scripts/diskspace.sh
-rw-r--r--        986 deployment/res/scripts/distro.sh
-rw-r--r--       1577 deployment/res/scripts/doc_flow.sh
-rw-r--r--       1109 deployment/res/scripts/feature_tracking.sh
-rw-r--r--      28734 deployment/res/scripts/generated.sh
-rwxr-xr-x      60361 deployment/res/scripts/installicon.sh
-rw-r--r--      12506 deployment/res/scripts/interactive_ui.sh
-rwxr-xr-x        622 deployment/res/scripts/language.sh
-rw-r--r--       7346 deployment/res/scripts/license.sh
-rw-r--r--        410 deployment/res/scripts/licenser_flow.sh
-rw-r--r--       2951 deployment/res/scripts/links.sh
-rw-r--r--       4973 deployment/res/scripts/options.sh
-rw-r--r--       4766 deployment/res/scripts/os.sh
-rw-r--r--       9271 deployment/res/scripts/package.sh
-rw-r--r--        996 deployment/res/scripts/panel.sh
-rw-r--r--       3024 deployment/res/scripts/platform.sh
-rw-r--r--       3347 deployment/res/scripts/populate_menus.sh
-rw-r--r--       2308 deployment/res/scripts/registration.sh
-rw-r--r--        763 deployment/res/scripts/rollback.sh
-rw-r--r--      12911 deployment/res/scripts/runinstall.sh
-rw-r--r--       7019 deployment/res/scripts/samon.sh
-rw-r--r--       3176 deployment/res/scripts/samon_flow.sh
-rw-r--r--        838 deployment/res/scripts/sh_support.sh
-rwxr-xr-x       1019 deployment/res/scripts/shortcuts.sh
-rwxr-xr-x        545 deployment/res/scripts/sighndlr.sh
-rw-r--r--       6297 deployment/res/scripts/silent_ui.sh
-rw-r--r--       2014 deployment/res/scripts/sqlcentral.sh
-rw-r--r--       5455 deployment/res/scripts/standard_flow.sh
-r--r--r--     256493 scripts/unloadold.sql
-rw-r--r--       1460 deployment/res/scripts/summary.sh
-rw-r--r--        934 deployment/res/scripts/ui.sh
-rw-r--r--       3337 deployment/res/scripts/upgrade.sh
-rwxr-xr-x       1014 deployment/res/scripts/user.sh
-rw-r--r--       2803 deployment/res/scripts/utility.sh
-rw-r--r--       2982 deployment/res/scripts/versioning.sh
-r--r--r--       2568 scripts/use_old_dbextf.sql
-r--r--r--       7545 sdk/c/sacapidll.c
-r--r--r--        889 sdk/c/sqlcadat.c
-r--r--r--       8026 sdk/dbcapi/examples/build.sh
-r-xr-xr-x      13720 bin64/dbsrv17
-r--r--r--       9654 sdk/dbcapi/examples/callback.cpp
-r--r--r--       3687 sdk/dbcapi/examples/connecting.cpp
-r-xr-xr-x     502360 bin64/dbstats
-r--r--r--      12580 sdk/dbcapi/examples/dbcapi_isql.cpp
-r--r--r--       5535 sdk/dbcapi/examples/fetching_a_result_set.cpp
-r--r--r--       4424 sdk/dbcapi/examples/fetching_multiple_from_sp.cpp
-r--r--r--       6822 sdk/dbcapi/examples/preparing_statements.cpp
-r--r--r--       5632 sdk/dbcapi/examples/send_retrieve_full_blob.cpp
-r--r--r--       6684 sdk/dbcapi/examples/send_retrieve_part_blob.cpp
-r--r--r--       8017 sdk/dbcapi/examples/stmt_exec.cpp
-r--r--r--       5984 sdk/dbcapi/examples/stmt_reset.cpp
-r--r--r--      61660 sdk/dbcapi/sacapi.h
-r--r--r--       7545 sdk/dbcapi/sacapidll.c
-r--r--r--      17497 sdk/dbcapi/sacapidll.h
-r--r--r--      14908 sdk/include/dbrmt.h
-r--r--r--       1514 sdk/include/dbtlvers.h
-r--r--r--      85590 sdk/include/dbtools.h
-r--r--r--       5585 sdk/include/dllapi.h
-r--r--r--       5726 sdk/include/extfnapi.h
-r--r--r--       2681 sdk/include/extfncmn.h
-r--r--r--       5547 sdk/include/extpfapiv1.h
-r--r--r--       6630 sdk/include/exttbapiv1.h
-r--r--r--       2224 sdk/include/exttxtcmn.h
-r--r--r--        461 sdk/include/lictype.h
-r--r--r--      29222 sdk/include/mlfiletransfer.h
-r--r--r--     117757 sdk/include/odbc.h
-r--r--r--       2105 sdk/include/poppk.h
-r--r--r--       2232 sdk/include/pshpk1.h
-r--r--r--       2233 sdk/include/pshpk2.h
-r--r--r--       2214 sdk/include/pshpk4.h
-r--r--r--      61660 sdk/include/sacapi.h
-r--r--r--      17497 sdk/include/sacapidll.h
-r--r--r--       2042 sdk/include/saodbc.h
-r--r--r--      11150 sdk/include/sqlca.h
-r--r--r--       2154 sdk/include/sqlcallback.h
-r--r--r--       2420 sdk/include/sqlda.h
-r--r--r--       7184 sdk/include/sqldef.h
-r--r--r--      93927 sdk/include/sqlerr.h
-r--r--r--       9308 sdk/include/sqlfuncs.h
-r--r--r--       2544 sdk/include/sqlhosttype.h
-r--r--r--       4904 sdk/include/sqlos.h
-r--r--r--      94079 sdk/include/sqlstate.h
-r--r--r--       2829 sdk/include/sqltype.h
-r--r--r--        459 sdk/include/unixodbc.h
-r--r--r--      11524 sdk/perl/Changes
-r--r--r--        282 sdk/perl/MANIFEST
-r--r--r--       4713 sdk/perl/Makefile.PL
-r--r--r--       3393 sdk/perl/README
-r--r--r--       3393 sdk/perl/README.NT
-r--r--r--       3038 sdk/perl/SQLAnywhere.h
-r--r--r--      17817 sdk/perl/SQLAnywhere.pm
-r-xr-xr-x     541624 bin64/dbstop
-r--r--r--       2747 sdk/perl/SQLAnywhere.xs
-r--r--r--      43218 sdk/perl/dbdimp.c
-r--r--r--       5446 sdk/perl/dbdimp.h
-r--r--r--       1784 sdk/perl/dolink.pl
-r--r--r--       4785 sdk/perl/eg/blobs.pl
-r--r--r--       1334 sdk/perl/eg/connect.pl
-r--r--r--       1827 sdk/perl/eg/retrieve.pl
-r--r--r--      16176 sdk/perl/lib/DBD/SQLAnywhere/GetInfo.pm
-r--r--r--        873 sdk/perl/license.txt
-r--r--r--      61660 sdk/perl/sacapi.h
-r--r--r--       7545 sdk/perl/sacapidll.c
-r--r--r--      17497 sdk/perl/sacapidll.h
-r--r--r--        498 sdk/perl/sqlerr.h
-r--r--r--       1102 sdk/perl/t/base.t
-r--r--r--       1032 sdk/perl/t/login.t
-r--r--r--       2178 sdk/perl/t/main.t
-r--r--r--       1997 sdk/perl/t/place.t
-r--r--r--       9395 sdk/perlenv/Makefile.PL
-r--r--r--        956 sdk/perlenv/SAExtEnvIO.pm
-r--r--r--       1333 sdk/perlenv/SAPerlGlue.pm
-r--r--r--        642 sdk/perlenv/consts.h
-r--r--r--       1007 sdk/perlenv/dolink.pl
-r--r--r--       3565 sdk/perlenv/extenv.h
-r--r--r--        950 sdk/perlenv/langload.h
-r--r--r--       7527 sdk/perlenv/perlglue.xs
-r--r--r--       7453 sdk/php/Changes
-r--r--r--        294 sdk/php/config.m4
-r--r--r--        201 sdk/php/config.w32
-r--r--r--       1557 sdk/php/examples/SAP_logo.gif
-r--r--r--       3377 sdk/php/examples/blob.php
-r--r--r--       1132 sdk/php/examples/connect.php
-r--r--r--       1766 sdk/php/examples/details.php
-r--r--r--       1584 sdk/php/examples/error_handling.php
-r--r--r--       2057 sdk/php/examples/fetch.php
-r--r--r--       1525 sdk/php/examples/fetch_assoc.php
-r--r--r--       1769 sdk/php/examples/fetch_object.php
-r--r--r--       2516 sdk/php/examples/image-insert.php
-r--r--r--       1530 sdk/php/examples/image-retrieve.php
-r--r--r--       1781 sdk/php/examples/master.php
-r--r--r--       2147 sdk/php/examples/nested.php
-r--r--r--       1999 sdk/php/examples/nested_use_result.php
-r--r--r--       1444 sdk/php/examples/query.php
-r--r--r--       4181 sdk/php/examples/resultall.php
-r--r--r--       6105 sdk/php/examples/resultalljs.php
-r--r--r--       3040 sdk/php/examples/resultallperf.php
-r--r--r--       1892 sdk/php/examples/stmt_insert.php
-r--r--r--       2660 sdk/php/examples/stored_proc.php
-r--r--r--       1984 sdk/php/examples/test.php
-r--r--r--       2999 sdk/php/examples/transactions.php
-r--r--r--       1920 sdk/php/examples/webisql.php
-r--r--r--       2093 sdk/php/examples/webisql_using_extensions.php
-r--r--r--        976 sdk/php/license.txt
-r--r--r--        754 sdk/php/php_sqlany_ver.h
-r--r--r--       2570 sdk/php/php_sqlanywhere.h
-r--r--r--      61660 sdk/php/sacapi.h
-r--r--r--       7545 sdk/php/sacapidll.c
-r--r--r--      17497 sdk/php/sacapidll.h
-r--r--r--       2893 sdk/php/sqlany_dbg.c
-r--r--r--       1229 sdk/php/sqlany_dbg.h
-r--r--r--     165884 sdk/php/sqlanywhere.c
-r-xr-xr-x    5185504 lib64/libsapcrypto.so
-r--r--r--       2884 sdk/phpenv/config.m4
-r--r--r--        642 sdk/phpenv/consts.h
-r--r--r--       3565 sdk/phpenv/extenv.h
-r--r--r--        950 sdk/phpenv/langload.h
-r--r--r--       1243 sdk/phpenv/php_sqlanywhere_extenv.h
-r--r--r--      61359 sdk/phpenv/sqlanywhere_extenv.c
-r--r--r--       3409 sdk/python/README.rst
-r--r--r--      31920 sdk/python/scripts/dbapi20.py
-r--r--r--       1442 sdk/python/scripts/runtests.py
-r--r--r--       1276 sdk/python/scripts/test.py
-r--r--r--       1866 sdk/python/scripts/test_sqlanydb_ext.py
-r--r--r--       2023 sdk/python/setup.py
-r--r--r--      28700 sdk/python/sqlanydb.py
-r--r--r--        607 sdk/ruby/README
-r--r--r--       1262 sdk/ruby/activerecord-sqlanywhere-adapter/CHANGELOG
-r--r--r--        951 sdk/ruby/activerecord-sqlanywhere-adapter/LICENSE
-r--r--r--       5512 sdk/ruby/activerecord-sqlanywhere-adapter/README
-r--r--r--       4701 sdk/ruby/activerecord-sqlanywhere-adapter/Rakefile
-r--r--r--      25089 sdk/ruby/activerecord-sqlanywhere-adapter/lib/active_record/connection_adapters/sqlanywhere_adapter.rb
-r--r--r--        588 sdk/ruby/activerecord-sqlanywhere-adapter/test/connection.rb
-r--r--r--        987 sdk/ruby/activerecord-sqlanywhere-adapter/test/sqlanywhere.drop.sql
-r--r--r--       5367 sdk/ruby/activerecord-sqlanywhere-adapter/test/sqlanywhere.sql
-r--r--r--        261 sdk/ruby/activerecord-sqlanywhere-adapter/test/sqlanywhere2.drop.sql
-r--r--r--        323 sdk/ruby/activerecord-sqlanywhere-adapter/test/sqlanywhere2.sql
-r--r--r--       1027 sdk/ruby/dbd-sqlanywhere/CHANGELOG
-r--r--r--        951 sdk/ruby/dbd-sqlanywhere/LICENSE
-r--r--r--       5662 sdk/ruby/dbd-sqlanywhere/README
-r--r--r--       5167 sdk/ruby/dbd-sqlanywhere/Rakefile
-r--r--r--       5951 sdk/ruby/dbd-sqlanywhere/lib/dbd/SQLAnywhere.rb
-r--r--r--       8122 sdk/ruby/dbd-sqlanywhere/lib/dbd/sqlanywhere/database.rb
-r--r--r--       4640 sdk/ruby/dbd-sqlanywhere/lib/dbd/sqlanywhere/driver.rb
-r--r--r--       6238 sdk/ruby/dbd-sqlanywhere/lib/dbd/sqlanywhere/statement.rb
-r-xr-xr-x     890952 bin64/dbsupport
-r--r--r--        805 sdk/ruby/dbd-sqlanywhere/test/dbd/sqlanywhere/base.rb
-r--r--r--        521 sdk/ruby/dbd-sqlanywhere/test/dbd/sqlanywhere/down.sql
-r--r--r--       1077 sdk/ruby/dbd-sqlanywhere/test/dbd/sqlanywhere/up.sql
-r--r--r--       1038 sdk/ruby/sqlanywhere/CHANGELOG
-r--r--r--        951 sdk/ruby/sqlanywhere/LICENSE
-r--r--r--       3424 sdk/ruby/sqlanywhere/README
-r--r--r--       8332 sdk/ruby/sqlanywhere/Rakefile
-r--r--r--       1019 sdk/ruby/sqlanywhere/ext/extconf.rb
-r--r--r--      61660 sdk/ruby/sqlanywhere/ext/sacapi.h
-r--r--r--       7545 sdk/ruby/sqlanywhere/ext/sacapidll.c
-r--r--r--      17497 sdk/ruby/sqlanywhere/ext/sacapidll.h
-r--r--r--      56099 sdk/ruby/sqlanywhere/ext/sqlanywhere.c
-r--r--r--      15592 sdk/ruby/sqlanywhere/test/sqlanywhere_test.rb
-r--r--r--       2128 sdk/ruby/sqlanywhere/test/test.sql
-r--r--r--       2023 selinux/README
-r-xr-xr-x        373 selinux/buildfc.sh
-r--r--r--       1135 selinux/sqlanywhere.fct
-r--r--r--       2341 selinux/sqlanywhere.if
-r--r--r--       6880 selinux/sqlanywhere.te
-r--r--r--   52883456 sqlacockpit.template
-r-xr-xr-x      13559 bin64/dbsvc
-r--r--r--       2100 bin64/dbsvc_scripts/dbsvc_iface
-r--r--r--      13333 bin64/dbsvc_scripts/dbsvc_iface_lsb
-r--r--r--        679 bin64/dbsvc_scripts/dbsvc_iface_rh
-r--r--r--        320 bin64/dbsvc_scripts/dbsvc_iface_suse
-r--r--r--       7640 bin64/dbsvc_scripts/dbsvc_iface_systemd
-r--r--r--       1214 bin64/dbsvc_scripts/distro.sh
-r--r--r--       4807 bin64/dbsvc_scripts/svc_functions
lrwxrwxrwx         14 bin64/dbsvc_scripts/svc_t_dbeng
-r--r--r--        894 bin64/dbsvc_scripts/svc_t_dbmlsync
-r--r--r--        905 bin64/dbsvc_scripts/svc_t_dbns
-r--r--r--        894 bin64/dbsvc_scripts/svc_t_dbremote
lrwxrwxrwx         13 bin64/dbsvc_scripts/svc_t_dbsrv
lrwxrwxrwx         14 bin64/dbsvc_scripts/svc_t_mlsrv
lrwxrwxrwx         14 bin64/dbsvc_scripts/svc_t_mlsync
-r--r--r--        909 bin64/dbsvc_scripts/svc_t_mobilink
-r--r--r--        911 bin64/dbsvc_scripts/svc_t_network
-r--r--r--        909 bin64/dbsvc_scripts/svc_t_personal
-r--r--r--        890 bin64/dbsvc_scripts/svc_t_rshost
-r--r--r--        887 bin64/dbsvc_scripts/svc_t_rsoe
lrwxrwxrwx         14 bin64/dbsvc_scripts/svc_t_standalone
-r--r--r--       3952 bin64/dbsvc_scripts/utility.sh
-r-xr-xr-x     517376 bin64/dbtran
-r-xr-xr-x     554584 bin64/dbtsinfo
-r-xr-xr-x     499128 bin64/dbunload
-r-xr-xr-x    6977864 bin64/dbunlspt
-r-xr-xr-x     490200 bin64/dbupgrad
-r-xr-xr-x     491064 bin64/dbvalid
-r-xr-xr-x        951 bin32/newdemo.sh
-r-xr-xr-x     503936 bin64/dbversion
-r-xr-xr-x       5262 bin64/htmlview
-r--r--r--       4124 bin64/jsenv.js
-r--r--r--       4550 bin64/language/de/messages.txt
-r--r--r--       2836 bin64/language/de/usage.txt
-r--r--r--       4186 bin64/language/en/messages.txt
-r--r--r--       2490 bin64/language/en/usage.txt
-r--r--r--       4777 bin64/language/fr/messages.txt
-r--r--r--       2758 bin64/language/fr/usage.txt
-r--r--r--       5353 bin64/language/ja/messages.txt
-r--r--r--       3273 bin64/language/ja/usage.txt
-r--r--r--       4063 bin64/language/zh/messages.txt
-r--r--r--       2480 bin64/language/zh/usage.txt
-r-xr-xr-x        951 bin64/newdemo.sh
-r-xr-xr-x       4597 bin64/perlenv.pl
-r-xr-xr-x       8336 bin64/phpenv.php
-r-xr-xr-x    1113336 bin64/rsoe2
-r-xr-xr-x    1064608 bin64/sqlpp
-r-xr-xr-x    3752696 bin64/viewcert
lrwxrwxrwx         14 lib64/libdbcapi.so
-r-xr-xr-x     165880 lib64/libdbcapi.so.1
lrwxrwxrwx         16 lib64/libdbcapi_r.so
-r-xr-xr-x     169984 lib64/libdbcapi_r.so.1
lrwxrwxrwx         15 lib64/libdbcis17.so
-r-xr-xr-x    1225872 lib64/libdbcis17.so.1
lrwxrwxrwx         20 lib64/libdbextenv17_r.so
-r-xr-xr-x     595144 lib64/libdbextenv17_r.so.1
lrwxrwxrwx         14 lib64/libdbextf.so
-r-xr-xr-x    3156297 lib64/libdbextf.so.1
lrwxrwxrwx         15 lib64/libdbicu17.so
-r-xr-xr-x    1780344 lib64/libdbicu17.so.1
lrwxrwxrwx         17 lib64/libdbicu17_r.so
-r-xr-xr-x    1781504 lib64/libdbicu17_r.so.1
lrwxrwxrwx         17 lib64/libdbicudt17.so
-r-xr-xr-x    4260512 lib64/libdbicudt17.so.1
lrwxrwxrwx         16 lib64/libdbjdbc17.so
-r-xr-xr-x    2845792 lib64/libdbjdbc17.so.1
lrwxrwxrwx         17 lib64/libdbjodbc17.so
-r-xr-xr-x    1342384 lib64/libdbjodbc17.so.1
lrwxrwxrwx         17 lib64/libdblaiod17.so
-r-xr-xr-x      25016 lib64/libdblaiod17.so.1
lrwxrwxrwx         15 lib64/libdblib17.so
-r-xr-xr-x    1478144 lib64/libdblib17.so.1
lrwxrwxrwx         17 lib64/libdblib17_r.so
-r-xr-xr-x    1515280 lib64/libdblib17_r.so.1
lrwxrwxrwx         23 lib64/libdbmlsynccli17_r.so
-r-xr-xr-x     638312 lib64/libdbmlsynccli17_r.so.1
lrwxrwxrwx         16 lib64/libdbodbc17.so
-r-xr-xr-x     143648 lib64/libdbodbc17.so.1
lrwxrwxrwx         18 lib64/libdbodbc17_n.so
-r-xr-xr-x    1728752 lib64/libdbodbc17_n.so.1
lrwxrwxrwx         18 lib64/libdbodbc17_r.so
-r-xr-xr-x    1767680 lib64/libdbodbc17_r.so.1
lrwxrwxrwx         22 lib64/libdbodbcansi17_r.so
-r-xr-xr-x    1765984 lib64/libdbodbcansi17_r.so.1
lrwxrwxrwx         22 lib64/libdbodbcinst17_r.so
-r-xr-xr-x     568784 lib64/libdbodbcinst17_r.so.1
lrwxrwxrwx         15 lib64/libdbodm17.so
-r-xr-xr-x     718752 lib64/libdbodm17.so.1
lrwxrwxrwx         17 lib64/libdboftsp_r.so
-r-xr-xr-x     101024 lib64/libdboftsp_r.so.1
lrwxrwxrwx         21 lib64/libdbperfapi17_r.so
-r-xr-xr-x     682128 lib64/libdbperfapi17_r.so.1
lrwxrwxrwx         18 lib64/libdbserv17_r.so
-r-xr-xr-x   20314696 lib64/libdbserv17_r.so.1
lrwxrwxrwx         20 lib64/libdbsrvmon17_r.so
-r-xr-xr-x     538688 lib64/libdbsrvmon17_r.so.1
lrwxrwxrwx         17 lib64/libdbtasks17.so
-r-xr-xr-x     170704 lib64/libdbtasks17.so.1
lrwxrwxrwx         19 lib64/libdbtasks17_r.so
-r-xr-xr-x     185512 lib64/libdbtasks17_r.so.1
lrwxrwxrwx         18 lib64/libdbtool17_r.so
-r-xr-xr-x    2371248 lib64/libdbtool17_r.so.1
lrwxrwxrwx         18 lib64/libdbxgtk17_r.so
-r-xr-xr-x     234880 lib64/libdbxgtk17_r.so.1
lrwxrwxrwx         19 lib64/libmlczlib17_r.so
-r-xr-xr-x     215712 lib64/libmlczlib17_r.so.1
lrwxrwxrwx         20 lib64/libodbcinst.so
lrwxrwxrwx         22 lib64/libodbcinst.so.1
lrwxrwxrwx         22 lib64/libodbcinst.so.2
-r-xr-xr-x    1961864 lib64/ncs.so
-r--r--r--       1361 node/sqlanywhere-xs/lib/index.js
-r--r--r--        289 node/sqlanywhere-xs/package.json
-r-xr-xr-x     917048 lib64/sapcpp47.so
-r-xr-xr-x     967480 node/sqlanywhere-xs/bin64/sqlanywhere_xs_v10.node
-r-xr-xr-x     967480 node/sqlanywhere-xs/bin64/sqlanywhere_xs_v5.node
-r-xr-xr-x     967480 node/sqlanywhere-xs/bin64/sqlanywhere_xs_v6.node
-r-xr-xr-x     967480 node/sqlanywhere-xs/bin64/sqlanywhere_xs_v7.node
-r-xr-xr-x     967480 node/sqlanywhere-xs/bin64/sqlanywhere_xs_v8.node
-r--r--r--        785 node/sqlanywhere_jsextenv/lib/index.js
-r--r--r--        249 node/sqlanywhere_jsextenv/package.json
-r--r--r--     217121 res/sqlany.cvf
-r-xr-xr-x     964152 node/sqlanywhere-xs/bin64/sqlanywhere_xs_v9.node
-r-xr-xr-x     913968 node/sqlanywhere_jsextenv/bin64/jsextenv_v10.node
-r-xr-xr-x     913840 node/sqlanywhere_jsextenv/bin64/jsextenv_v5.node
-r-xr-xr-x     913840 node/sqlanywhere_jsextenv/bin64/jsextenv_v6.node
-r-xr-xr-x     913904 node/sqlanywhere_jsextenv/bin64/jsextenv_v7.node
-r-xr-xr-x     913904 node/sqlanywhere_jsextenv/bin64/jsextenv_v8.node
-r-xr-xr-x     913904 node/sqlanywhere_jsextenv/bin64/jsextenv_v9.node
-r--r--r--       6893 support/de/OnlineResources.html
-r--r--r--       5988 support/en/OnlineResources.html
-r--r--r--       7663 support/fr/OnlineResources.html
-r--r--r--       7153 support/ja/OnlineResources.html
-r--r--r--       5394 support/zh/OnlineResources.html
-r--r--r--     390832 thirdpartylegal/SQLAnywhere17ThirdPartyLegal.pdf
-r--r--r--      56420 thirdpartylegal/SQLAnywhere17ThirdPartyLegal.txt
ok
